Started GET "/" for 191.162.7.196 at 2018-09-27 18:03:25 +0000
Cannot render console from 191.162.7.196! Allowed networks: 127.0.0.1, ::1, 127.0.0.0/127.255.255.255
  
Gem::LoadError (Specified 'sqlite3' for database adapter, but the gem is not loaded. Add `gem 'sqlite3'` to your Gemfile (and ensure its version is at the minimum required by ActiveRecord).):
  
activerecord (5.0.7) lib/active_record/connection_adapters/connection_specification.rb:176:in `rescue in spec'
activerecord (5.0.7) lib/active_record/connection_adapters/connection_specification.rb:173:in `spec'
activerecord (5.0.7) lib/active_record/connection_handling.rb:53:in `establish_connection'
activerecord (5.0.7) lib/active_record/railtie.rb:125:in `block (2 levels) in <class:Railtie>'
activesupport (5.0.7) lib/active_support/lazy_load_hooks.rb:69:in `instance_eval'
activesupport (5.0.7) lib/active_support/lazy_load_hooks.rb:69:in `block in execute_hook'
activesupport (5.0.7) lib/active_support/lazy_load_hooks.rb:60:in `with_execution_control'
activesupport (5.0.7) lib/active_support/lazy_load_hooks.rb:65:in `execute_hook'
activesupport (5.0.7) lib/active_support/lazy_load_hooks.rb:50:in `block in run_load_hooks'
activesupport (5.0.7) lib/active_support/lazy_load_hooks.rb:49:in `each'
activesupport (5.0.7) lib/active_support/lazy_load_hooks.rb:49:in `run_load_hooks'
activerecord (5.0.7) lib/active_record/base.rb:324:in `<module:ActiveRecord>'
activerecord (5.0.7) lib/active_record/base.rb:24:in `<top (required)>'
activesupport (5.0.7) lib/active_support/dependencies.rb:293:in `require'
activesupport (5.0.7) lib/active_support/dependencies.rb:293:in `block in require'
activesupport (5.0.7) lib/active_support/dependencies.rb:259:in `load_dependency'
activesupport (5.0.7) lib/active_support/dependencies.rb:293:in `require'
activerecord (5.0.7) lib/active_record/migration.rb:559:in `connection'
activerecord (5.0.7) lib/active_record/migration.rb:546:in `call'
actionpack (5.0.7) lib/action_dispatch/middleware/callbacks.rb:38:in `block in call'
activesupport (5.0.7) lib/active_support/callbacks.rb:97:in `__run_callbacks__'
activesupport (5.0.7) lib/active_support/callbacks.rb:750:in `_run_call_callbacks'
activesupport (5.0.7) lib/active_support/callbacks.rb:90:in `run_callbacks'
actionpack (5.0.7) lib/action_dispatch/middleware/callbacks.rb:36:in `call'
actionpack (5.0.7) lib/action_dispatch/middleware/executor.rb:12:in `call'
actionpack (5.0.7) lib/action_dispatch/middleware/remote_ip.rb:79:in `call'
actionpack (5.0.7) lib/action_dispatch/middleware/debug_exceptions.rb:49:in `call'
web-console (3.7.0) lib/web_console/middleware.rb:135:in `call_app'
web-console (3.7.0) lib/web_console/middleware.rb:22:in `block in call'
web-console (3.7.0) lib/web_console/middleware.rb:20:in `catch'
web-console (3.7.0) lib/web_console/middleware.rb:20:in `call'
actionpack (5.0.7) lib/action_dispatch/middleware/show_exceptions.rb:31:in `call'
railties (5.0.7) lib/rails/rack/logger.rb:36:in `call_app'
railties (5.0.7) lib/rails/rack/logger.rb:24:in `block in call'
activesupport (5.0.7) lib/active_support/tagged_logging.rb:69:in `block in tagged'
activesupport (5.0.7) lib/active_support/tagged_logging.rb:26:in `tagged'
activesupport (5.0.7) lib/active_support/tagged_logging.rb:69:in `tagged'
railties (5.0.7) lib/rails/rack/logger.rb:24:in `call'
sprockets-rails (3.2.1) lib/sprockets/rails/quiet_assets.rb:13:in `call'
actionpack (5.0.7) lib/action_dispatch/middleware/request_id.rb:24:in `call'
rack (2.0.5) lib/rack/method_override.rb:22:in `call'
rack (2.0.5) lib/rack/runtime.rb:22:in `call'
activesupport (5.0.7) lib/active_support/cache/strategy/local_cache_middleware.rb:28:in `call'
actionpack (5.0.7) lib/action_dispatch/middleware/executor.rb:12:in `call'
actionpack (5.0.7) lib/action_dispatch/middleware/static.rb:136:in `call'
rack (2.0.5) lib/rack/sendfile.rb:111:in `call'
railties (5.0.7) lib/rails/engine.rb:522:in `call'
puma (3.12.0) lib/puma/configuration.rb:225:in `call'
puma (3.12.0) lib/puma/server.rb:658:in `handle_request'
puma (3.12.0) lib/puma/server.rb:472:in `process_client'
puma (3.12.0) lib/puma/server.rb:332:in `block in run'
puma (3.12.0) lib/puma/thread_pool.rb:133:in `block in spawn_thread'
  Rendering /usr/local/rvm/gems/ruby-2.4.1/gems/actionpack-5.0.7/lib/action_dispatch/middleware/templates/rescues/diagnostics.html.erb within rescues/layout
  Rendering /usr/local/rvm/gems/ruby-2.4.1/gems/actionpack-5.0.7/lib/action_dispatch/middleware/templates/rescues/_source.html.erb
  Rendered /usr/local/rvm/gems/ruby-2.4.1/gems/actionpack-5.0.7/lib/action_dispatch/middleware/templates/rescues/_source.html.erb (2.8ms)
  Rendering /usr/local/rvm/gems/ruby-2.4.1/gems/actionpack-5.0.7/lib/action_dispatch/middleware/templates/rescues/_trace.html.erb
  Rendered /usr/local/rvm/gems/ruby-2.4.1/gems/actionpack-5.0.7/lib/action_dispatch/middleware/templates/rescues/_trace.html.erb (1.3ms)
  Rendering /usr/local/rvm/gems/ruby-2.4.1/gems/actionpack-5.0.7/lib/action_dispatch/middleware/templates/rescues/_request_and_response.html.erb
  Rendered /usr/local/rvm/gems/ruby-2.4.1/gems/actionpack-5.0.7/lib/action_dispatch/middleware/templates/rescues/_request_and_response.html.erb (0.7ms)
  Rendered /usr/local/rvm/gems/ruby-2.4.1/gems/actionpack-5.0.7/lib/action_dispatch/middleware/templates/rescues/diagnostics.html.erb within rescues/layout (24.0ms)
Started GET "/" for 191.162.7.196 at 2018-09-27 18:03:32 +0000
Cannot render console from 191.162.7.196! Allowed networks: 127.0.0.1, ::1, 127.0.0.0/127.255.255.255
  
ActiveRecord::ConnectionNotEstablished (No connection pool with id primary found.):
  
activerecord (5.0.7) lib/active_record/connection_adapters/abstract/connection_pool.rb:882:in `retrieve_connection'
activerecord (5.0.7) lib/active_record/connection_handling.rb:128:in `retrieve_connection'
activerecord (5.0.7) lib/active_record/connection_handling.rb:91:in `connection'
activerecord (5.0.7) lib/active_record/migration.rb:559:in `connection'
activerecord (5.0.7) lib/active_record/migration.rb:546:in `call'
actionpack (5.0.7) lib/action_dispatch/middleware/callbacks.rb:38:in `block in call'
activesupport (5.0.7) lib/active_support/callbacks.rb:97:in `__run_callbacks__'
activesupport (5.0.7) lib/active_support/callbacks.rb:750:in `_run_call_callbacks'
activesupport (5.0.7) lib/active_support/callbacks.rb:90:in `run_callbacks'
actionpack (5.0.7) lib/action_dispatch/middleware/callbacks.rb:36:in `call'
actionpack (5.0.7) lib/action_dispatch/middleware/executor.rb:12:in `call'
actionpack (5.0.7) lib/action_dispatch/middleware/remote_ip.rb:79:in `call'
actionpack (5.0.7) lib/action_dispatch/middleware/debug_exceptions.rb:49:in `call'
web-console (3.7.0) lib/web_console/middleware.rb:135:in `call_app'
web-console (3.7.0) lib/web_console/middleware.rb:22:in `block in call'
web-console (3.7.0) lib/web_console/middleware.rb:20:in `catch'
web-console (3.7.0) lib/web_console/middleware.rb:20:in `call'
actionpack (5.0.7) lib/action_dispatch/middleware/show_exceptions.rb:31:in `call'
railties (5.0.7) lib/rails/rack/logger.rb:36:in `call_app'
railties (5.0.7) lib/rails/rack/logger.rb:24:in `block in call'
activesupport (5.0.7) lib/active_support/tagged_logging.rb:69:in `block in tagged'
activesupport (5.0.7) lib/active_support/tagged_logging.rb:26:in `tagged'
activesupport (5.0.7) lib/active_support/tagged_logging.rb:69:in `tagged'
railties (5.0.7) lib/rails/rack/logger.rb:24:in `call'
sprockets-rails (3.2.1) lib/sprockets/rails/quiet_assets.rb:13:in `call'
actionpack (5.0.7) lib/action_dispatch/middleware/request_id.rb:24:in `call'
rack (2.0.5) lib/rack/method_override.rb:22:in `call'
rack (2.0.5) lib/rack/runtime.rb:22:in `call'
activesupport (5.0.7) lib/active_support/cache/strategy/local_cache_middleware.rb:28:in `call'
actionpack (5.0.7) lib/action_dispatch/middleware/executor.rb:12:in `call'
actionpack (5.0.7) lib/action_dispatch/middleware/static.rb:136:in `call'
rack (2.0.5) lib/rack/sendfile.rb:111:in `call'
railties (5.0.7) lib/rails/engine.rb:522:in `call'
puma (3.12.0) lib/puma/configuration.rb:225:in `call'
puma (3.12.0) lib/puma/server.rb:658:in `handle_request'
puma (3.12.0) lib/puma/server.rb:472:in `process_client'
puma (3.12.0) lib/puma/server.rb:332:in `block in run'
puma (3.12.0) lib/puma/thread_pool.rb:133:in `block in spawn_thread'
  Rendering /usr/local/rvm/gems/ruby-2.4.1/gems/actionpack-5.0.7/lib/action_dispatch/middleware/templates/rescues/diagnostics.html.erb within rescues/layout
  Rendering /usr/local/rvm/gems/ruby-2.4.1/gems/actionpack-5.0.7/lib/action_dispatch/middleware/templates/rescues/_source.html.erb
  Rendered /usr/local/rvm/gems/ruby-2.4.1/gems/actionpack-5.0.7/lib/action_dispatch/middleware/templates/rescues/_source.html.erb (2.0ms)
  Rendering /usr/local/rvm/gems/ruby-2.4.1/gems/actionpack-5.0.7/lib/action_dispatch/middleware/templates/rescues/_trace.html.erb
  Rendered /usr/local/rvm/gems/ruby-2.4.1/gems/actionpack-5.0.7/lib/action_dispatch/middleware/templates/rescues/_trace.html.erb (1.2ms)
  Rendering /usr/local/rvm/gems/ruby-2.4.1/gems/actionpack-5.0.7/lib/action_dispatch/middleware/templates/rescues/_request_and_response.html.erb
  Rendered /usr/local/rvm/gems/ruby-2.4.1/gems/actionpack-5.0.7/lib/action_dispatch/middleware/templates/rescues/_request_and_response.html.erb (0.6ms)
  Rendered /usr/local/rvm/gems/ruby-2.4.1/gems/actionpack-5.0.7/lib/action_dispatch/middleware/templates/rescues/diagnostics.html.erb within rescues/layout (18.8ms)
Started GET "/" for 191.162.7.196 at 2018-09-27 18:03:38 +0000
Cannot render console from 191.162.7.196! Allowed networks: 127.0.0.1, ::1, 127.0.0.0/127.255.255.255
  
ActiveRecord::ConnectionNotEstablished (No connection pool with id primary found.):
  
activerecord (5.0.7) lib/active_record/connection_adapters/abstract/connection_pool.rb:882:in `retrieve_connection'
activerecord (5.0.7) lib/active_record/connection_handling.rb:128:in `retrieve_connection'
activerecord (5.0.7) lib/active_record/connection_handling.rb:91:in `connection'
activerecord (5.0.7) lib/active_record/migration.rb:559:in `connection'
activerecord (5.0.7) lib/active_record/migration.rb:546:in `call'
actionpack (5.0.7) lib/action_dispatch/middleware/callbacks.rb:38:in `block in call'
activesupport (5.0.7) lib/active_support/callbacks.rb:97:in `__run_callbacks__'
activesupport (5.0.7) lib/active_support/callbacks.rb:750:in `_run_call_callbacks'
activesupport (5.0.7) lib/active_support/callbacks.rb:90:in `run_callbacks'
actionpack (5.0.7) lib/action_dispatch/middleware/callbacks.rb:36:in `call'
actionpack (5.0.7) lib/action_dispatch/middleware/executor.rb:12:in `call'
actionpack (5.0.7) lib/action_dispatch/middleware/remote_ip.rb:79:in `call'
actionpack (5.0.7) lib/action_dispatch/middleware/debug_exceptions.rb:49:in `call'
web-console (3.7.0) lib/web_console/middleware.rb:135:in `call_app'
web-console (3.7.0) lib/web_console/middleware.rb:22:in `block in call'
web-console (3.7.0) lib/web_console/middleware.rb:20:in `catch'
web-console (3.7.0) lib/web_console/middleware.rb:20:in `call'
actionpack (5.0.7) lib/action_dispatch/middleware/show_exceptions.rb:31:in `call'
railties (5.0.7) lib/rails/rack/logger.rb:36:in `call_app'
railties (5.0.7) lib/rails/rack/logger.rb:24:in `block in call'
activesupport (5.0.7) lib/active_support/tagged_logging.rb:69:in `block in tagged'
activesupport (5.0.7) lib/active_support/tagged_logging.rb:26:in `tagged'
activesupport (5.0.7) lib/active_support/tagged_logging.rb:69:in `tagged'
railties (5.0.7) lib/rails/rack/logger.rb:24:in `call'
sprockets-rails (3.2.1) lib/sprockets/rails/quiet_assets.rb:13:in `call'
actionpack (5.0.7) lib/action_dispatch/middleware/request_id.rb:24:in `call'
rack (2.0.5) lib/rack/method_override.rb:22:in `call'
rack (2.0.5) lib/rack/runtime.rb:22:in `call'
activesupport (5.0.7) lib/active_support/cache/strategy/local_cache_middleware.rb:28:in `call'
actionpack (5.0.7) lib/action_dispatch/middleware/executor.rb:12:in `call'
actionpack (5.0.7) lib/action_dispatch/middleware/static.rb:136:in `call'
rack (2.0.5) lib/rack/sendfile.rb:111:in `call'
railties (5.0.7) lib/rails/engine.rb:522:in `call'
puma (3.12.0) lib/puma/configuration.rb:225:in `call'
puma (3.12.0) lib/puma/server.rb:658:in `handle_request'
puma (3.12.0) lib/puma/server.rb:472:in `process_client'
puma (3.12.0) lib/puma/server.rb:332:in `block in run'
puma (3.12.0) lib/puma/thread_pool.rb:133:in `block in spawn_thread'
  Rendering /usr/local/rvm/gems/ruby-2.4.1/gems/actionpack-5.0.7/lib/action_dispatch/middleware/templates/rescues/diagnostics.html.erb within rescues/layout
  Rendering /usr/local/rvm/gems/ruby-2.4.1/gems/actionpack-5.0.7/lib/action_dispatch/middleware/templates/rescues/_source.html.erb
  Rendered /usr/local/rvm/gems/ruby-2.4.1/gems/actionpack-5.0.7/lib/action_dispatch/middleware/templates/rescues/_source.html.erb (2.0ms)
  Rendering /usr/local/rvm/gems/ruby-2.4.1/gems/actionpack-5.0.7/lib/action_dispatch/middleware/templates/rescues/_trace.html.erb
  Rendered /usr/local/rvm/gems/ruby-2.4.1/gems/actionpack-5.0.7/lib/action_dispatch/middleware/templates/rescues/_trace.html.erb (1.1ms)
  Rendering /usr/local/rvm/gems/ruby-2.4.1/gems/actionpack-5.0.7/lib/action_dispatch/middleware/templates/rescues/_request_and_response.html.erb
  Rendered /usr/local/rvm/gems/ruby-2.4.1/gems/actionpack-5.0.7/lib/action_dispatch/middleware/templates/rescues/_request_and_response.html.erb (0.6ms)
  Rendered /usr/local/rvm/gems/ruby-2.4.1/gems/actionpack-5.0.7/lib/action_dispatch/middleware/templates/rescues/diagnostics.html.erb within rescues/layout (18.6ms)
Started GET "/" for 191.162.7.196 at 2018-09-27 18:05:25 +0000
Cannot render console from 191.162.7.196! Allowed networks: 127.0.0.1, ::1, 127.0.0.0/127.255.255.255
Processing by Rails::WelcomeController#index as HTML
  Parameters: {"internal"=>true}
  Rendering /usr/local/rvm/gems/ruby-2.4.1/gems/railties-5.0.7/lib/rails/templates/rails/welcome/index.html.erb
  Rendered /usr/local/rvm/gems/ruby-2.4.1/gems/railties-5.0.7/lib/rails/templates/rails/welcome/index.html.erb (2.3ms)
Completed 200 OK in 15ms (Views: 5.8ms | ActiveRecord: 0.0ms)


